2017/08/31 13:54:26 [E] [account.go:24] unexpected end of JSON input
2017/08/31 13:55:31 [E] [account.go:24] unexpected end of JSON input
2017/08/31 14:00:26 [E] [account.go:24] unexpected end of JSON input
2017/08/31 14:01:05 [E] [account.go:24] unexpected end of JSON input
2017/08/31 14:08:32 [E] [account.go:24] parsing time ""2017-08-31 14:06:57"" as ""2006-01-02T15:04:05Z07:00"": cannot parse " 14:06:57"" as "T"
2017/08/31 14:09:00 [E] [account.go:24] parsing time ""2017-08-31 14:06:57"" as ""2006-01-02T15:04:05Z07:00"": cannot parse " 14:06:57"" as "T"
2017/08/31 14:09:57 [E] [account.go:25] parsing time ""2017-08-31 14:06:57"" as ""2006-01-02T15:04:05Z07:00"": cannot parse " 14:06:57"" as "T"
2017/08/31 14:14:15 [E] [account.go:23] json: cannot unmarshal string into Go struct field Account.member_expir_time of type convert.JsonTime
2017/08/31 14:15:21 [E] [account.go:26] json: cannot unmarshal string into Go struct field Account.member_expir_time of type global.jsonTime
2017/08/31 14:17:28 [E] [account.go:32] json: cannot unmarshal string into Go struct field Account.member_expir_time of type global.jsonTime
2017/08/31 14:17:35 [E] [account.go:32] json: cannot unmarshal string into Go struct field Account.member_expir_time of type global.jsonTime
2017/08/31 14:18:07 [E] [account.go:32] json: cannot unmarshal string into Go struct field Account.member_expir_time of type global.jsonTime
2017/08/31 14:18:21 [E] [account.go:32] json: cannot unmarshal string into Go struct field Account.member_expir_time of type global.JsonTime
2017/08/31 14:18:59 [E] [account.go:32] json: cannot unmarshal string into Go struct field Account.member_expir_time of type global.JSONTime
2017/08/31 14:21:32 [E] [account.go:32] json: cannot unmarshal string into Go struct field Account.member_expir_time of type global.JSONTime
2017/08/31 14:23:01 [E] [account.go:32] json: cannot unmarshal string into Go struct field Account.member_expir_time of type global.JSONTime
2017/08/31 14:25:09 [E] [account.go:32] json: cannot unmarshal string into Go struct field Account.member_expir_time of type global.JSONTime
2017/08/31 14:25:19 [E] [account.go:32] json: cannot unmarshal string into Go struct field Account.member_expir_time of type global.JSONTime
2017/08/31 14:39:07 [E] [account.go:33] json: cannot unmarshal string into Go struct field Account.member_expir_time of type global.JSONTime
2017/08/31 14:39:26 [E] [account.go:33] json: cannot unmarshal string into Go struct field Account.member_expir_time of type global.JSONTime
2017/08/31 14:40:40 [E] [account.go:33] json: cannot unmarshal string into Go struct field Account.member_expir_time of type global.JSONTime
2017/08/31 14:43:40 [E] [account.go:33] json: cannot unmarshal string into Go struct field Account.member_expir_time of type global.JSONTime
2017/08/31 14:53:49 [E] [account.go:33] json: cannot unmarshal string into Go struct field Account.member_expir_time of type global.JSONTime
2017/08/31 15:06:39 [E] [account.go:33] json: cannot unmarshal bool into Go value of type global.Account
2017/08/31 16:13:24 [E] [login.go:17] not enough args to execute query: want 4 got 3
2017/08/31 16:15:08 [E] [login.go:17] not enough args to execute query: want 4 got 3
2017/08/31 16:17:12 [E] [login.go:17] not enough args to execute query: want 4 got 3
2017/08/31 16:18:16 [E] [login.go:17] not enough args to execute query: want 4 got 3
2017/08/31 16:19:49 [E] [login.go:17] not enough args to execute query: want 4 got 3
